<?xml version="1.0" encoding="UTF-8"?>
<!-- Generated by org.testng.reporters.JUnitReportReporter -->
<testsuite hostname="Kuan-Weis-Air" name="com.test.TestDemo" tests="1" failures="0" timestamp="13 Jul 2017 14:03:56 GMT" time="13.834" errors="0">
  <testcase name="demoTest" time="13.834" classname="com.test.TestDemo"/>
</testsuite> <!-- com.test.TestDemo -->
