<?xml version="1.0" encoding="UTF-8"?>
<!-- Generated by org.testng.reporters.JUnitReportReporter -->
<testsuite hostname="Kuan-Weis-Air" name="test.TestDemo" tests="2" failures="0" timestamp="9 Nov 2017 02:23:27 GMT" time="12.604" errors="0">
  <testcase name="f" time="0.003" classname="test.TestDemo"/>
  <testcase name="testFunction" time="12.601" classname="test.TestDemo"/>
</testsuite> <!-- test.TestDemo -->
