<?xml version="1.0" encoding="UTF-8"?>
<!-- Generated by org.testng.reporters.JUnitReportReporter -->
<testsuite hostname="Kuan-Weis-Air" name="test.TestFailDemo" tests="2" failures="0" timestamp="9 Nov 2017 02:23:27 GMT" time="7.333" errors="0">
  <testcase name="f" time="0.003" classname="test.TestFailDemo"/>
  <testcase name="testFunction" time="7.330" classname="test.TestFailDemo"/>
</testsuite> <!-- test.TestFailDemo -->
