<?xml version="1.0" encoding="UTF-8"?>
<!-- Generated by org.testng.reporters.JUnitReportReporter -->
<testsuite hostname="Kuan-Weis-Air" name="test.TestCore" tests="1" failures="0" timestamp="9 Nov 2017 02:23:27 GMT" time="0.001" errors="0">
  <testcase name="f" time="0.001" classname="test.TestCore"/>
</testsuite> <!-- test.TestCore -->
